# JRE version: OpenJDK Runtime Environment (8.0_212-b04) (build 1.8.0_212-release-1586-b04)
# Java VM: OpenJDK 64-Bit Server VM (25.212-b04 mixed mode windows-amd64 compressed oops)
Heap:
 PSYoungGen      total 415744K, used 226992K [0x00000000e0000000, 0x00000000ffe80000, 0x0000000100000000)
  eden space 315392K, 57% used [0x00000000e0000000,0x00000000eafbed28,0x00000000f3400000)
  from space 100352K, 46% used [0x00000000f3400000,0x00000000f61ed410,0x00000000f9600000)
  to   space 96768K, 0% used [0x00000000fa000000,0x00000000fa000000,0x00000000ffe80000)
 ParOldGen       total 349184K, used 166655K [0x00000000a0000000, 0x00000000b5500000, 0x00000000e0000000)
  object space 349184K, 47% used [0x00000000a0000000,0x00000000aa2bfe10,0x00000000b5500000)
 Metaspace       used 117066K, capacity 123846K, committed 124032K, reserved 1157120K
  class space    used 14834K, capacity 16210K, committed 16256K, reserved 1048576K
GC Heap History (10 events):
Event: 3585.230 GC heap before
{Heap before GC invocations=30 (full 4):
 PSYoungGen      total 437248K, used 405539K [0x00000000e0000000, 0x0000000100000000, 0x0000000100000000)
  eden space 360448K, 100% used [0x00000000e0000000,0x00000000f6000000,0x00000000f6000000)
  from space 76800K, 58% used [0x00000000f6000000,0x00000000f8c08e10,0x00000000fab00000)
  to   space 76288K, 0% used [0x00000000fb580000,0x00000000fb580000,0x0000000100000000)
 ParOldGen       total 171520K, used 117777K [0x00000000a0000000, 0x00000000aa780000, 0x00000000e0000000)
  object space 171520K, 68% used [0x00000000a0000000,0x00000000a73044a0,0x00000000aa780000)
 Metaspace       used 112578K, capacity 118712K, committed 119040K, reserved 1153024K
  class space    used 14285K, capacity 15515K, committed 15616K, reserved 1048576K
Event: 3585.812 GC heap after
Heap after GC invocations=30 (full 4):
 PSYoungGen      total 388608K, used 76275K [0x00000000e0000000, 0x0000000100000000, 0x0000000100000000)
  eden space 312320K, 0% used [0x00000000e0000000,0x00000000e0000000,0x00000000f3100000)
  from space 76288K, 99% used [0x00000000fb580000,0x00000000ffffce00,0x0000000100000000)
  to   space 105984K, 0% used [0x00000000f3100000,0x00000000f3100000,0x00000000f9880000)
 ParOldGen       total 171520K, used 169344K [0x00000000a0000000, 0x00000000aa780000, 0x00000000e0000000)
  object space 171520K, 98% used [0x00000000a0000000,0x00000000aa560090,0x00000000aa780000)
 Metaspace       used 112578K, capacity 118712K, committed 119040K, reserved 1153024K
  class space    used 14285K, capacity 15515K, committed 15616K, reserved 1048576K
}
Event: 3585.812 GC heap before
{Heap before GC invocations=31 (full 5):
 PSYoungGen      total 388608K, used 76275K [0x00000000e0000000, 0x0000000100000000, 0x0000000100000000)
  eden space 312320K, 0% used [0x00000000e0000000,0x00000000e0000000,0x00000000f3100000)
  from space 76288K, 99% used [0x00000000fb580000,0x00000000ffffce00,0x0000000100000000)
  to   space 105984K, 0% used [0x00000000f3100000,0x00000000f3100000,0x00000000f9880000)
 ParOldGen       total 171520K, used 169344K [0x00000000a0000000, 0x00000000aa780000, 0x00000000e0000000)
  object space 171520K, 98% used [0x00000000a0000000,0x00000000aa560090,0x00000000aa780000)
 Metaspace       used 112578K, capacity 118712K, committed 119040K, reserved 1153024K
  class space    used 14285K, capacity 15515K, committed 15616K, reserved 1048576K
Event: 3588.492 GC heap after
Heap after GC invocations=31 (full 5):
 PSYoungGen      total 388608K, used 0K [0x00000000e0000000, 0x0000000100000000, 0x0000000100000000)
  eden space 312320K, 0% used [0x00000000e0000000,0x00000000e0000000,0x00000000f3100000)
  from space 76288K, 0% used [0x00000000fb580000,0x00000000fb580000,0x0000000100000000)
  to   space 105984K, 0% used [0x00000000f3100000,0x00000000f3100000,0x00000000f9880000)
 ParOldGen       total 349184K, used 166631K [0x00000000a0000000, 0x00000000b5500000, 0x00000000e0000000)
  object space 349184K, 47% used [0x00000000a0000000,0x00000000aa2b9e10,0x00000000b5500000)
 Metaspace       used 112364K, capacity 118186K, committed 119040K, reserved 1153024K
  class space    used 14230K, capacity 15367K, committed 15616K, reserved 1048576K
}
Event: 3803.415 GC heap before
{Heap before GC invocations=32 (full 5):
 PSYoungGen      total 388608K, used 312320K [0x00000000e0000000, 0x0000000100000000, 0x0000000100000000)
  eden space 312320K, 100% used [0x00000000e0000000,0x00000000f3100000,0x00000000f3100000)
  from space 76288K, 0% used [0x00000000fb580000,0x00000000fb580000,0x0000000100000000)
  to   space 105984K, 0% used [0x00000000f3100000,0x00000000f3100000,0x00000000f9880000)
 ParOldGen       total 349184K, used 166631K [0x00000000a0000000, 0x00000000b5500000, 0x00000000e0000000)
  object space 349184K, 47% used [0x00000000a0000000,0x00000000aa2b9e10,0x00000000b5500000)
 Metaspace       used 115677K, capacity 122220K, committed 122240K, reserved 1155072K
  class space    used 14671K, capacity 15990K, committed 16000K, reserved 1048576K
Event: 3803.526 GC heap after
Heap after GC invocations=32 (full 5):
 PSYoungGen      total 418304K, used 29418K [0x00000000e0000000, 0x0000000100000000, 0x0000000100000000)
  eden space 312320K, 0% used [0x00000000e0000000,0x00000000e0000000,0x00000000f3100000)
  from space 105984K, 27% used [0x00000000f3100000,0x00000000f4dba818,0x00000000f9880000)
  to   space 102912K, 0% used [0x00000000f9b80000,0x00000000f9b80000,0x0000000100000000)
 ParOldGen       total 349184K, used 166639K [0x00000000a0000000, 0x00000000b5500000, 0x00000000e0000000)
  object space 349184K, 47% used [0x00000000a0000000,0x00000000aa2bbe10,0x00000000b5500000)
 Metaspace       used 115677K, capacity 122220K, committed 122240K, reserved 1155072K
  class space    used 14671K, capacity 15990K, committed 16000K, reserved 1048576K
}
Event: 3821.442 GC heap before
{Heap before GC invocations=33 (full 5):
 PSYoungGen      total 418304K, used 341738K [0x00000000e0000000, 0x0000000100000000, 0x0000000100000000)
  eden space 312320K, 100% used [0x00000000e0000000,0x00000000f3100000,0x00000000f3100000)
  from space 105984K, 27% used [0x00000000f3100000,0x00000000f4dba818,0x00000000f9880000)
  to   space 102912K, 0% used [0x00000000f9b80000,0x00000000f9b80000,0x0000000100000000)
 ParOldGen       total 349184K, used 166639K [0x00000000a0000000, 0x00000000b5500000, 0x00000000e0000000)
  object space 349184K, 47% used [0x00000000a0000000,0x00000000aa2bbe10,0x00000000b5500000)
 Metaspace       used 116907K, capacity 123668K, committed 123776K, reserved 1157120K
  class space    used 14827K, capacity 16201K, committed 16256K, reserved 1048576K
Event: 3821.532 GC heap after
Heap after GC invocations=33 (full 5):
 PSYoungGen      total 410112K, used 23479K [0x00000000e0000000, 0x00000000ff800000, 0x0000000100000000)
  eden space 315392K, 0% used [0x00000000e0000000,0x00000000e0000000,0x00000000f3400000)
  from space 94720K, 24% used [0x00000000f9b80000,0x00000000fb26df08,0x00000000ff800000)
  to   space 100352K, 0% used [0x00000000f3400000,0x00000000f3400000,0x00000000f9600000)
 ParOldGen       total 349184K, used 166647K [0x00000000a0000000, 0x00000000b5500000, 0x00000000e0000000)
  object space 349184K, 47% used [0x00000000a0000000,0x00000000aa2bde10,0x00000000b5500000)
 Metaspace       used 116907K, capacity 123668K, committed 123776K, reserved 1157120K
  class space    used 14827K, capacity 16201K, committed 16256K, reserved 1048576K
}
Event: 3835.844 GC heap before
{Heap before GC invocations=34 (full 5):
 PSYoungGen      total 410112K, used 338871K [0x00000000e0000000, 0x00000000ff800000, 0x0000000100000000)
  eden space 315392K, 100% used [0x00000000e0000000,0x00000000f3400000,0x00000000f3400000)
  from space 94720K, 24% used [0x00000000f9b80000,0x00000000fb26df08,0x00000000ff800000)
  to   space 100352K, 0% used [0x00000000f3400000,0x00000000f3400000,0x00000000f9600000)
 ParOldGen       total 349184K, used 166647K [0x00000000a0000000, 0x00000000b5500000, 0x00000000e0000000)
  object space 349184K, 47% used [0x00000000a0000000,0x00000000aa2bde10,0x00000000b5500000)
 Metaspace       used 117046K, capacity 123842K, committed 124032K, reserved 1157120K
  class space    used 14832K, capacity 16208K, committed 16256K, reserved 1048576K
Event: 3835.892 GC heap after
Heap after GC invocations=34 (full 5):
 PSYoungGen      total 415744K, used 47029K [0x00000000e0000000, 0x00000000ffe80000, 0x0000000100000000)
  eden space 315392K, 0% used [0x00000000e0000000,0x00000000e0000000,0x00000000f3400000)
  from space 100352K, 46% used [0x00000000f3400000,0x00000000f61ed410,0x00000000f9600000)
  to   space 96768K, 0% used [0x00000000fa000000,0x00000000fa000000,0x00000000ffe80000)
 ParOldGen       total 349184K, used 166655K [0x00000000a0000000, 0x00000000b5500000, 0x00000000e0000000)
  object space 349184K, 47% used [0x00000000a0000000,0x00000000aa2bfe10,0x00000000b5500000)
 Metaspace       used 117046K, capacity 123842K, committed 124032K, reserved 1157120K
  class space    used 14832K, capacity 16208K, committed 16256K, reserved 1048576K
}

